2014/02/22 19:35:43 [trace] [system.db.CDbCommand] Querying SQL: SHOW FULL COLUMNS FROM `ETS_PROPERTY`
in /home/tnt/public_html/protected/models/ETSProperty.php (50)
in /home/tnt/public_html/protected/controllers/api/RefreshController.php (8)
in /home/tnt/public_html/index.php (13)
2014/02/22 19:35:43 [trace] [system.db.CDbCommand] Querying SQL: SHOW CREATE TABLE `ETS_PROPERTY`
in /home/tnt/public_html/protected/models/ETSProperty.php (50)
in /home/tnt/public_html/protected/controllers/api/RefreshController.php (8)
in /home/tnt/public_html/index.php (13)
2014/02/22 19:35:43 [trace] [system.db.CDbCommand] Querying SQL: SELECT * FROM `ETS_PROPERTY` `t` WHERE (`USER_ID`=:user) AND (`LASTUPDDTTM` > :modified). Bound with :modified='1970-01-01 00:00:01', :user='1'
in /home/tnt/public_html/protected/controllers/api/RefreshController.php (15)
in /home/tnt/public_html/index.php (13)
2014/02/22 19:38:46 [trace] [system.db.CDbCommand] Querying SQL: SHOW FULL COLUMNS FROM `ETS_PROPERTY`
in /home/tnt/public_html/protected/models/ETSProperty.php (50)
in /home/tnt/public_html/protected/controllers/api/RefreshController.php (8)
in /home/tnt/public_html/index.php (13)
2014/02/22 19:38:46 [trace] [system.db.CDbCommand] Querying SQL: SHOW CREATE TABLE `ETS_PROPERTY`
in /home/tnt/public_html/protected/models/ETSProperty.php (50)
in /home/tnt/public_html/protected/controllers/api/RefreshController.php (8)
in /home/tnt/public_html/index.php (13)
2014/02/22 19:38:46 [trace] [system.db.CDbCommand] Querying SQL: SELECT * FROM `ETS_PROPERTY` `t` WHERE (`USER_ID`=:user) AND (`LASTUPDDTTM` > :modified). Bound with :modified='1970-01-01 00:00:01', :user='1'
in /home/tnt/public_html/protected/controllers/api/RefreshController.php (15)
in /home/tnt/public_html/index.php (13)
2014/02/22 19:38:46 [trace] [system.db.CDbCommand] Querying SQL: SHOW FULL COLUMNS FROM `ETS_OBSERVATIONS`
in /home/tnt/public_html/protected/models/ETSObservation.php (23)
in /home/tnt/public_html/protected/controllers/api/ApiController.php (26)
in /home/tnt/public_html/protected/controllers/api/RefreshController.php (23)
2014/02/22 19:38:46 [trace] [system.db.CDbCommand] Querying SQL: SHOW CREATE TABLE `ETS_OBSERVATIONS`
in /home/tnt/public_html/protected/models/ETSObservation.php (23)
in /home/tnt/public_html/protected/controllers/api/ApiController.php (26)
in /home/tnt/public_html/protected/controllers/api/RefreshController.php (23)
2014/02/22 19:38:46 [trace] [system.db.CDbCommand] Querying SQL: SELECT * FROM `ETS_OBSERVATIONS` `t` WHERE (PROPERTY_ID IS NULL) AND (LASTUPDDTTM > :modified). Bound with :modified='1970-01-01 00:00:01'
in /home/tnt/public_html/protected/controllers/api/ApiController.php (45)
in /home/tnt/public_html/protected/controllers/api/RefreshController.php (23)
in /home/tnt/public_html/index.php (13)
2014/02/22 19:38:46 [trace] [system.db.CDbCommand] Querying SQL: SHOW FULL COLUMNS FROM `ETS_OBSERV_PHOTOS`
in /home/tnt/public_html/protected/models/ETSObsPhoto.php (25)
in /home/tnt/public_html/protected/controllers/api/ApiController.php (26)
in /home/tnt/public_html/protected/controllers/api/RefreshController.php (25)
2014/02/22 19:38:46 [trace] [system.db.CDbCommand] Querying SQL: SHOW CREATE TABLE `ETS_OBSERV_PHOTOS`
in /home/tnt/public_html/protected/models/ETSObsPhoto.php (25)
in /home/tnt/public_html/protected/controllers/api/ApiController.php (26)
in /home/tnt/public_html/protected/controllers/api/RefreshController.php (25)
2014/02/22 19:38:46 [trace] [system.db.CDbCommand] Querying SQL: SELECT * FROM `ETS_OBSERV_PHOTOS` `t` WHERE (PROPERTY_ID IS NULL) AND (LASTUPDDTTM > :modified). Bound with :modified='1970-01-01 00:00:01'
in /home/tnt/public_html/protected/controllers/api/ApiController.php (45)
in /home/tnt/public_html/protected/controllers/api/RefreshController.php (25)
in /home/tnt/public_html/index.php (13)
2014/02/22 19:38:46 [trace] [system.db.CDbCommand] Querying SQL: SHOW FULL COLUMNS FROM `ETS_PROP_COMMENTS`
in /home/tnt/public_html/protected/models/ETSProComment.php (30)
in /home/tnt/public_html/protected/controllers/api/ApiController.php (26)
in /home/tnt/public_html/protected/controllers/api/RefreshController.php (27)
2014/02/22 19:38:46 [trace] [system.db.CDbCommand] Querying SQL: SHOW CREATE TABLE `ETS_PROP_COMMENTS`
in /home/tnt/public_html/protected/models/ETSProComment.php (30)
in /home/tnt/public_html/protected/controllers/api/ApiController.php (26)
in /home/tnt/public_html/protected/controllers/api/RefreshController.php (27)
2014/02/22 19:38:46 [trace] [system.db.CDbCommand] Querying SQL: SELECT * FROM `ETS_PROP_COMMENTS` `t` WHERE (PROPERTY_ID IS NULL) AND (LASTUPDDTTM > :modified). Bound with :modified='1970-01-01 00:00:01'
in /home/tnt/public_html/protected/controllers/api/ApiController.php (45)
in /home/tnt/public_html/protected/controllers/api/RefreshController.php (27)
in /home/tnt/public_html/index.php (13)
2014/02/22 19:38:46 [trace] [system.db.CDbCommand] Querying SQL: SHOW FULL COLUMNS FROM `ETS_ROOM_TESTS`
in /home/tnt/public_html/protected/models/ETSRoomTest.php (37)
in /home/tnt/public_html/protected/controllers/api/ApiController.php (26)
in /home/tnt/public_html/protected/controllers/api/RefreshController.php (29)
2014/02/22 19:38:46 [trace] [system.db.CDbCommand] Querying SQL: SHOW CREATE TABLE `ETS_ROOM_TESTS`
in /home/tnt/public_html/protected/models/ETSRoomTest.php (37)
in /home/tnt/public_html/protected/controllers/api/ApiController.php (26)
in /home/tnt/public_html/protected/controllers/api/RefreshController.php (29)
2014/02/22 19:38:46 [trace] [system.db.CDbCommand] Querying SQL: SELECT * FROM `ETS_ROOM_TESTS` `t` WHERE (PROPERTY_ID IS NULL) AND (LASTUPDDTTM > :modified). Bound with :modified='1970-01-01 00:00:01'
in /home/tnt/public_html/protected/controllers/api/ApiController.php (45)
in /home/tnt/public_html/protected/controllers/api/RefreshController.php (29)
in /home/tnt/public_html/index.php (13)
2014/02/22 19:38:46 [trace] [system.db.CDbCommand] Querying SQL: SHOW FULL COLUMNS FROM `ETS_ESTIMATE`
in /home/tnt/public_html/protected/models/ETSEstimate.php (24)
in /home/tnt/public_html/protected/controllers/api/ApiController.php (26)
in /home/tnt/public_html/protected/controllers/api/RefreshController.php (31)
2014/02/22 19:38:46 [trace] [system.db.CDbCommand] Querying SQL: SHOW CREATE TABLE `ETS_ESTIMATE`
in /home/tnt/public_html/protected/models/ETSEstimate.php (24)
in /home/tnt/public_html/protected/controllers/api/ApiController.php (26)
in /home/tnt/public_html/protected/controllers/api/RefreshController.php (31)
2014/02/22 19:38:46 [trace] [system.db.CDbCommand] Querying SQL: SELECT * FROM `ETS_ESTIMATE` `t` WHERE (PROPERTY_ID IS NULL) AND (LASTUPDDTTM > :modified). Bound with :modified='1970-01-01 00:00:01'
in /home/tnt/public_html/protected/controllers/api/ApiController.php (45)
in /home/tnt/public_html/protected/controllers/api/RefreshController.php (31)
in /home/tnt/public_html/index.php (13)
2014/02/22 19:38:46 [trace] [system.db.CDbCommand] Querying SQL: SHOW FULL COLUMNS FROM `ETS_ESTIMATE_DTL`
in /home/tnt/public_html/protected/models/ETSEstimateDtl.php (28)
in /home/tnt/public_html/protected/controllers/api/ApiController.php (26)
in /home/tnt/public_html/protected/controllers/api/RefreshController.php (33)
2014/02/22 19:38:46 [trace] [system.db.CDbCommand] Querying SQL: SHOW CREATE TABLE `ETS_ESTIMATE_DTL`
in /home/tnt/public_html/protected/models/ETSEstimateDtl.php (28)
in /home/tnt/public_html/protected/controllers/api/ApiController.php (26)
in /home/tnt/public_html/protected/controllers/api/RefreshController.php (33)
2014/02/22 19:38:46 [trace] [system.db.CDbCommand] Querying SQL: SELECT * FROM `ETS_ESTIMATE_DTL` `t` WHERE (PROPERTY_ID IS NULL) AND (LASTUPDDTTM > :modified). Bound with :modified='1970-01-01 00:00:01'
in /home/tnt/public_html/protected/controllers/api/ApiController.php (45)
in /home/tnt/public_html/protected/controllers/api/RefreshController.php (33)
in /home/tnt/public_html/index.php (13)
